\BOOKMARK [0][-]{section*.2}{On the Origin of Shrimpoluminescence}{}% 2
\BOOKMARK [1][-]{section*.1}{Abstract}{section*.2}% 1
\BOOKMARK [1][-]{section*.3}{Introduction}{section*.2}% 3
\BOOKMARK [1][-]{section*.4}{Historical Overview}{section*.2}% 4
\BOOKMARK [1][-]{section*.5}{Bubble Dyanmics}{section*.2}% 5
\BOOKMARK [2][-]{section*.6}{The Bubble Wall}{section*.5}% 6
\BOOKMARK [2][-]{section*.7}{The Bubble's Interior}{section*.5}% 7
\BOOKMARK [2][-]{section*.8}{Gas Dynamics}{section*.5}% 8
\BOOKMARK [2][-]{section*.9}{Experimental Results}{section*.5}% 9
\BOOKMARK [1][-]{section*.10}{Let there be light!}{section*.2}% 10
\BOOKMARK [2][-]{section*.11}{The Plasma}{section*.10}% 11
\BOOKMARK [2][-]{section*.12}{Brehmasstunglingnls}{section*.10}% 12
\BOOKMARK [2][-]{section*.13}{Recombination}{section*.10}% 13
\BOOKMARK [2][-]{section*.14}{Electronic transitions}{section*.10}% 14
\BOOKMARK [1][-]{section*.15}{Summary}{section*.2}% 15
\BOOKMARK [1][-]{section*.16}{Acknowledgments}{section*.2}% 16
\BOOKMARK [1][-]{section*.17}{The Navier-Stokes Equations}{section*.2}% 17
\BOOKMARK [1][-]{section*.18}{Electrical Arguments}{section*.2}% 18
\BOOKMARK [1][-]{section*.19}{The Casimir Argument}{section*.2}% 19
\BOOKMARK [1][-]{section*.20}{References}{section*.2}% 20
