\BOOKMARK [0][-]{section*.2}{On the Origin of Shrimpoluminescence}{}% 2
\BOOKMARK [1][-]{section*.1}{Abstract}{section*.2}% 1
\BOOKMARK [1][-]{section*.3}{Introduction}{section*.2}% 3
\BOOKMARK [1][-]{section*.4}{Historical Overview}{section*.2}% 4
\BOOKMARK [1][-]{section*.5}{What do we know?}{section*.2}% 5
\BOOKMARK [2][-]{section*.6}{The Bubble Wall}{section*.5}% 6
\BOOKMARK [2][-]{section*.7}{Experimental Results}{section*.5}% 7
\BOOKMARK [1][-]{section*.8}{What don't we know}{section*.2}% 8
\BOOKMARK [2][-]{section*.9}{The Bubble Wall \(Again\)}{section*.8}% 9
\BOOKMARK [2][-]{section*.10}{Experimental Anomalies}{section*.8}% 10
\BOOKMARK [1][-]{section*.11}{Let there be light!}{section*.2}% 11
\BOOKMARK [2][-]{section*.12}{Thermal Arguments}{section*.11}% 12
\BOOKMARK [2][-]{section*.13}{Electric Arguments}{section*.11}% 13
\BOOKMARK [2][-]{section*.14}{The Casimir Effect}{section*.11}% 14
\BOOKMARK [2][-]{section*.15}{The Casimir Argument}{section*.11}% 15
\BOOKMARK [1][-]{section*.16}{Summary}{section*.2}% 16
\BOOKMARK [1][-]{section*.17}{Acknowledgments}{section*.2}% 17
\BOOKMARK [1][-]{section*.18}{random notes}{section*.2}% 18
\BOOKMARK [1][-]{section*.19}{1st discovery}{section*.2}% 19
\BOOKMARK [1][-]{section*.20}{notes from crum1994sonoluminescence}{section*.2}% 20
\BOOKMARK [1][-]{section*.21}{notes from ref lohse2018bubble}{section*.2}% 21
\BOOKMARK [1][-]{section*.22}{notes from ref prosperetti2004bubbles}{section*.2}% 22
\BOOKMARK [1][-]{section*.23}{notes from gaitan1990experimental}{section*.2}% 23
\BOOKMARK [1][-]{section*.24}{notes from brenner2002single}{section*.2}% 24
\BOOKMARK [1][-]{section*.25}{QED}{section*.2}% 25
\BOOKMARK [1][-]{section*.26}{Modelling}{section*.2}% 26
\BOOKMARK [1][-]{section*.27}{Refs. to different arguments}{section*.2}% 27
\BOOKMARK [1][-]{section*.28}{References}{section*.2}% 28
