This is pdfTeX, Version 3.14159265-2.6-1.40.20 (TeX Live 2019/Debian) (preloaded format=pdflatex 2021.12.12)  17 JAN 2022 10:12
entering extended mode
 restricted \write18 enabled.
 %&-line parsing enabled.
**paper.tex
(./paper.tex
LaTeX2e <2020-02-02> patch level 2
L3 programming layer <2020-02-14>
(/usr/share/texlive/texmf-dist/tex/latex/revtex/revtex4-2.cls
Document Class: revtex4-2 2019/01/18/14:29:48 4.2c (https://journals.aps.org/re
vtex/ for documentation)
 Copyright (c) 2019 American Physical Society.
 mailto:revtex@aps.org
 Licensed under the LPPL:
http://www.ctan.org/tex-archive/macros/latex/base/lppl.txt
 Arthur Ogawa <arthur_ogawa at sbcglobal dot net>
 Based on work by David Carlisle <david at dcarlisle.demon.co.uk>Version (4.2c)
: Modified by Mark Doyle
 .
ltxutil[2019/01/18/14:29:48 4.2c utilities package (portions licensed from W. E
. Baxter web at superscript.com)]
LaTeX Info: Redefining \@centercr on input line 315.
Class revtex4-2 Info: Repairing broken LaTeX eqnarray on input line 365.
\eqncolsep=\skip47
Class revtex4-2 Info: Repairing hyperref-unfriendly LaTeX definition of \mpfoot
note on input line 440.
Class revtex4-2 Info: Repairing broken LateX \@sect on input line 762.
\intertabularlinepenalty=\count167
\@tbpen=\count168
\@arstrutbox@hline=\box45
Class revtex4-2 Info: Repairing broken LaTeX \@xbitor on input line 1793.
Class revtex4-2 Info: Making \typeout \long on input line 2053.
ltxfront[2019/01/18/14:29:48 4.2c frontmatter package (AO,DPC,MD)]
\c@affil=\count169
\c@collab=\count170
\absbox=\box46
ltxgrid[2019/01/18/14:29:48 4.2c page grid package (portions licensed from W. E
. Baxter web at superscript.com)]
\c@linecount=\count171
\output@latex=\toks14
\box@size@1=\box47
\box@size@2=\box48
\@protection@box=\box49
\@topmark@saved=\toks15
\footins@saved=\box50
\footins@recovered=\box51
\column@recovered=\box52
\pagesofar=\box53
\footsofar=\box54
\pagegrid@col=\count172

Class revtex4-2 Warning: Failed to recognize \@vspace, \@vspacer, \@no@pgbk, \@
newline, and \\; no patches applied. Please get a more up-to-date class, .

\c@part=\count173
\c@section=\count174
\c@subsection=\count175
\c@subsubsection=\count176
\c@paragraph=\count177
\c@subparagraph=\count178
\abovecaptionskip=\skip48
\belowcaptionskip=\skip49
\c@figure=\count179
\fbox@1=\box55
\c@table=\count180
\fbox@2=\box56
\c@video=\count181
\fbox@4=\box57
\@bibdataout=\write3
\widetext@top=\box58
\widetext@bot=\box59
Class revtex4-2 Info: Selecting society aps on input line 7581.
(/usr/share/texlive/texmf-dist/tex/latex/revtex/aps4-2.rtx
File: aps4-2 2019/01/18/14:29:48 4.2c (https://journals.aps.org/revtex/ for doc
umentation)
Class revtex4-2 Info: RevTeX society APS selected on input line 37.
)
Class revtex4-2 Info: Selecting journal prb on input line 7583.
Class revtex4-2 Info: APS journal PRB selected on input line 7584.


Class revtex4-2 Warning: No type size specified, using default 10.

(/usr/share/texlive/texmf-dist/tex/latex/revtex/aps10pt4-2.rtx
File: aps10pt4-2 2019/01/18/14:29:48 4.2c (https://journals.aps.org/revtex/ for
 documentation)
Class revtex4-2 Info: RevTeX pointsize 10pt selected on input line 36.
)
(/usr/share/texlive/texmf-dist/tex/latex/textcase/textcase.sty
Package: textcase 2019/09/14 v1.00 Text only upper/lower case changing (DPC)
)
(/usr/share/texlive/texmf-dist/tex/latex/url/url.sty
\Urlmuskip=\muskip16
Package: url 2013/09/16  ver 3.4  Verb mode for urls, etc.
)
(/usr/share/texlive/texmf-dist/tex/latex/natbib/natbib.sty
Package: natbib 2010/09/13 8.31b (PWD, AO)
\bibhang=\skip50
\bibsep=\skip51
LaTeX Info: Redefining \cite on input line 694.
\c@NAT@ctr=\count182
)
Class revtex4-2 Info: Repairing natbib's \BibitemShut on input line 7588.

(/usr/share/texlive/texmf-dist/tex/latex/revtex/revsymb4-2.sty
Package: revsymb4-2 2019/01/18/14:29:48 4.2c (https://journals.aps.org/revtex/ 
for documentation)
LaTeX Info: Redefining \REV@mathfrak on input line 125.
))
(/usr/share/texlive/texmf-dist/tex/latex/graphics/graphicx.sty
Package: graphicx 2019/11/30 v1.2a Enhanced LaTeX Graphics (DPC,SPQR)

(/usr/share/texlive/texmf-dist/tex/latex/graphics/keyval.sty
Package: keyval 2014/10/28 v1.15 key=value parser (DPC)
\KV@toks@=\toks16
)
(/usr/share/texlive/texmf-dist/tex/latex/graphics/graphics.sty
Package: graphics 2019/11/30 v1.4a Standard LaTeX Graphics (DPC,SPQR)

(/usr/share/texlive/texmf-dist/tex/latex/graphics/trig.sty
Package: trig 2016/01/03 v1.10 sin cos tan (DPC)
)
(/usr/share/texlive/texmf-dist/tex/latex/graphics-cfg/graphics.cfg
File: graphics.cfg 2016/06/04 v1.11 sample graphics configuration
)
Package graphics Info: Driver file: pdftex.def on input line 105.

(/usr/share/texlive/texmf-dist/tex/latex/graphics-def/pdftex.def
File: pdftex.def 2018/01/08 v1.0l Graphics/color driver for pdftex
))
\Gin@req@height=\dimen134
\Gin@req@width=\dimen135
)
(/usr/share/texlive/texmf-dist/tex/latex/xcolor/xcolor.sty
Package: xcolor 2016/05/11 v2.12 LaTeX color extensions (UK)

(/usr/share/texlive/texmf-dist/tex/latex/graphics-cfg/color.cfg
File: color.cfg 2016/01/02 v1.6 sample color configuration
)
Package xcolor Info: Driver file: pdftex.def on input line 225.
Package xcolor Info: Model `cmy' substituted by `cmy0' on input line 1348.
Package xcolor Info: Model `hsb' substituted by `rgb' on input line 1352.
Package xcolor Info: Model `RGB' extended on input line 1364.
Package xcolor Info: Model `HTML' substituted by `rgb' on input line 1366.
Package xcolor Info: Model `Hsb' substituted by `hsb' on input line 1367.
Package xcolor Info: Model `tHsb' substituted by `hsb' on input line 1368.
Package xcolor Info: Model `HSB' substituted by `hsb' on input line 1369.
Package xcolor Info: Model `Gray' substituted by `gray' on input line 1370.
Package xcolor Info: Model `wave' substituted by `hsb' on input line 1371.
)
(/usr/share/texlive/texmf-dist/tex/latex/amsmath/amsmath.sty
Package: amsmath 2020/01/20 v2.17e AMS math features
\@mathmargin=\skip52

For additional information on amsmath, use the `?' option.
(/usr/share/texlive/texmf-dist/tex/latex/amsmath/amstext.sty
Package: amstext 2000/06/29 v2.01 AMS text

(/usr/share/texlive/texmf-dist/tex/latex/amsmath/amsgen.sty
File: amsgen.sty 1999/11/30 v2.0 generic functions
\@emptytoks=\toks17
\ex@=\dimen136
)
LaTeX Info: Redefining \text on input line 28.
)
(/usr/share/texlive/texmf-dist/tex/latex/amsmath/amsbsy.sty
Package: amsbsy 1999/11/29 v1.2d Bold Symbols
\pmbraise@=\dimen137
)
(/usr/share/texlive/texmf-dist/tex/latex/amsmath/amsopn.sty
Package: amsopn 2016/03/08 v2.02 operator names
)
\inf@bad=\count183
LaTeX Info: Redefining \frac on input line 227.
\uproot@=\count184
\leftroot@=\count185
LaTeX Info: Redefining \overline on input line 389.
\classnum@=\count186
\DOTSCASE@=\count187
LaTeX Info: Redefining \ldots on input line 486.
LaTeX Info: Redefining \dots on input line 489.
LaTeX Info: Redefining \cdots on input line 610.
\Mathstrutbox@=\box60
\strutbox@=\box61
\big@size=\dimen138
LaTeX Font Info:    Redeclaring font encoding OML on input line 733.
LaTeX Font Info:    Redeclaring font encoding OMS on input line 734.
\macc@depth=\count188
\c@MaxMatrixCols=\count189
\dotsspace@=\muskip17
\c@parentequation=\count190
\dspbrk@lvl=\count191
\tag@help=\toks18
\row@=\count192
\column@=\count193
\maxfields@=\count194
\andhelp@=\toks19
\eqnshift@=\dimen139
\alignsep@=\dimen140
\tagshift@=\dimen141
\tagwidth@=\dimen142
\totwidth@=\dimen143
\lineht@=\dimen144
\@envbody=\toks20
\multlinegap=\skip53
\multlinetaggap=\skip54
\mathdisplay@stack=\toks21
LaTeX Info: Redefining \[ on input line 2859.
LaTeX Info: Redefining \] on input line 2860.
)
(/usr/share/texlive/texmf-dist/tex/latex/amsfonts/amssymb.sty
Package: amssymb 2013/01/14 v3.01 AMS font symbols

(/usr/share/texlive/texmf-dist/tex/latex/amsfonts/amsfonts.sty
Package: amsfonts 2013/01/14 v3.01 Basic AMSFonts support
\symAMSa=\mathgroup4
\symAMSb=\mathgroup5
LaTeX Font Info:    Redeclaring math symbol \hbar on input line 98.
LaTeX Font Info:    Overwriting math alphabet `\mathfrak' in version `bold'
(Font)                  U/euf/m/n --> U/euf/b/n on input line 106.
LaTeX Info: Redefining \frak on input line 111.
LaTeX Info: Redefining \Bbb on input line 113.
))
(/usr/share/texlive/texmf-dist/tex/latex/achemso/natmove.sty
Package: natmove 2010/01/15 v1.1a Automatic citation moving with natbib
)
(/usr/share/texlive/texmf-dist/tex/latex/hyperref/hyperref.sty
Package: hyperref 2020/01/14 v7.00d Hypertext links for LaTeX

(/usr/share/texlive/texmf-dist/tex/generic/ltxcmds/ltxcmds.sty
Package: ltxcmds 2019/12/15 v1.24 LaTeX kernel commands for general use (HO)
)
(/usr/share/texlive/texmf-dist/tex/generic/iftex/iftex.sty
Package: iftex 2019/11/07 v1.0c TeX engine tests
)
(/usr/share/texlive/texmf-dist/tex/latex/pdftexcmds/pdftexcmds.sty
Package: pdftexcmds 2019/11/24 v0.31 Utility functions of pdfTeX for LuaTeX (HO
)

(/usr/share/texlive/texmf-dist/tex/generic/infwarerr/infwarerr.sty
Package: infwarerr 2019/12/03 v1.5 Providing info/warning/error messages (HO)
)
Package pdftexcmds Info: \pdf@primitive is available.
Package pdftexcmds Info: \pdf@ifprimitive is available.
Package pdftexcmds Info: \pdfdraftmode found.
)
(/usr/share/texlive/texmf-dist/tex/generic/kvsetkeys/kvsetkeys.sty
Package: kvsetkeys 2019/12/15 v1.18 Key value parser (HO)
)
(/usr/share/texlive/texmf-dist/tex/generic/kvdefinekeys/kvdefinekeys.sty
Package: kvdefinekeys 2019-12-19 v1.6 Define keys (HO)
)
(/usr/share/texlive/texmf-dist/tex/generic/pdfescape/pdfescape.sty
Package: pdfescape 2019/12/09 v1.15 Implements pdfTeX's escape features (HO)
)
(/usr/share/texlive/texmf-dist/tex/latex/hycolor/hycolor.sty
Package: hycolor 2020-01-27 v1.10 Color options for hyperref/bookmark (HO)
)
(/usr/share/texlive/texmf-dist/tex/latex/letltxmacro/letltxmacro.sty
Package: letltxmacro 2019/12/03 v1.6 Let assignment for LaTeX macros (HO)
)
(/usr/share/texlive/texmf-dist/tex/latex/auxhook/auxhook.sty
Package: auxhook 2019-12-17 v1.6 Hooks for auxiliary files (HO)
)
(/usr/share/texlive/texmf-dist/tex/latex/kvoptions/kvoptions.sty
Package: kvoptions 2019/11/29 v3.13 Key value format for package options (HO)
)
\@linkdim=\dimen145
\Hy@linkcounter=\count195
\Hy@pagecounter=\count196

(/usr/share/texlive/texmf-dist/tex/latex/hyperref/pd1enc.def
File: pd1enc.def 2020/01/14 v7.00d Hyperref: PDFDocEncoding definition (HO)
Now handling font encoding PD1 ...
... no UTF-8 mapping file for font encoding PD1
)
(/usr/share/texlive/texmf-dist/tex/generic/intcalc/intcalc.sty
Package: intcalc 2019/12/15 v1.3 Expandable calculations with integers (HO)
)
(/usr/share/texlive/texmf-dist/tex/generic/etexcmds/etexcmds.sty
Package: etexcmds 2019/12/15 v1.7 Avoid name clashes with e-TeX commands (HO)
)
\Hy@SavedSpaceFactor=\count197
\pdfmajorversion=\count198
Package hyperref Info: Hyper figures OFF on input line 4547.
Package hyperref Info: Link nesting OFF on input line 4552.
Package hyperref Info: Hyper index ON on input line 4555.
Package hyperref Info: Plain pages OFF on input line 4562.
Package hyperref Info: Backreferencing OFF on input line 4567.
Package hyperref Info: Implicit mode ON; LaTeX internals redefined.
Package hyperref Info: Bookmarks ON on input line 4800.
LaTeX Info: Redefining \href on input line 5070.
\c@Hy@tempcnt=\count199
LaTeX Info: Redefining \url on input line 5159.
\XeTeXLinkMargin=\dimen146

(/usr/share/texlive/texmf-dist/tex/generic/bitset/bitset.sty
Package: bitset 2019/12/09 v1.3 Handle bit-vector datatype (HO)

(/usr/share/texlive/texmf-dist/tex/generic/bigintcalc/bigintcalc.sty
Package: bigintcalc 2019/12/15 v1.5 Expandable calculations on big integers (HO
)
))
\Fld@menulength=\count266
\Field@Width=\dimen147
\Fld@charsize=\dimen148
Package hyperref Info: Hyper figures OFF on input line 6430.
Package hyperref Info: Link nesting OFF on input line 6435.
Package hyperref Info: Hyper index ON on input line 6438.
Package hyperref Info: backreferencing OFF on input line 6445.
Package hyperref Info: Link coloring OFF on input line 6450.
Package hyperref Info: Link coloring with OCG OFF on input line 6455.
Package hyperref Info: PDF/A mode OFF on input line 6460.
LaTeX Info: Redefining \ref on input line 6500.
LaTeX Info: Redefining \pageref on input line 6504.

(/usr/share/texlive/texmf-dist/tex/generic/atbegshi/atbegshi.sty
Package: atbegshi 2019/12/05 v1.19 At begin shipout hook (HO)
)
\Hy@abspage=\count267
\c@Item=\count268
\c@Hfootnote=\count269
)
Package hyperref Info: Driver (autodetected): hpdftex.

(/usr/share/texlive/texmf-dist/tex/latex/hyperref/hpdftex.def
File: hpdftex.def 2020/01/14 v7.00d Hyperref driver for pdfTeX

(/usr/share/texlive/texmf-dist/tex/latex/atveryend/atveryend.sty
Package: atveryend 2019-12-11 v1.11 Hooks at the very end of document (HO)
)
\Fld@listcount=\count270
\c@bookmark@seq@number=\count271

(/usr/share/texlive/texmf-dist/tex/latex/rerunfilecheck/rerunfilecheck.sty
Package: rerunfilecheck 2019/12/05 v1.9 Rerun checks for auxiliary files (HO)

(/usr/share/texlive/texmf-dist/tex/generic/uniquecounter/uniquecounter.sty
Package: uniquecounter 2019/12/15 v1.4 Provide unlimited unique counter (HO)
)
Package uniquecounter Info: New unique counter `rerunfilecheck' on input line 2
86.
)
\Hy@SectionHShift=\skip55
)
(/usr/share/texlive/texmf-dist/tex/latex/tools/bm.sty
Package: bm 2019/07/24 v1.2d Bold Symbol Support (DPC/FMi)
\symboldoperators=\mathgroup6
\symboldletters=\mathgroup7
\symboldsymbols=\mathgroup8
LaTeX Font Info:    Redeclaring math alphabet \mathbf on input line 141.
LaTeX Info: Redefining \bm on input line 209.
)
Class revtex4-2 Info: Unrecognized LaTeX tabular. Please update this document c
lass! (Proceeding with fingers crossed.) on input line 15.
Class revtex4-2 Info: cite was not loaded (OK!) on input line 15.
Class revtex4-2 Info: mcite was not loaded (OK!) on input line 15.
Class revtex4-2 Info: multicol was not loaded (OK!) on input line 15.

(/usr/share/texlive/texmf-dist/tex/latex/l3backend/l3backend-pdfmode.def
File: l3backend-pdfmode.def 2020-02-03 L3 backend support: PDF mode
\l__kernel_color_stack_int=\count272
\l__pdf_internal_box=\box62
)
(./paper.aux)
\openout1 = `paper.aux'.

LaTeX Font Info:    Checking defaults for OML/cmm/m/it on input line 15.
LaTeX Font Info:    ... okay on input line 15.
LaTeX Font Info:    Checking defaults for OMS/cmsy/m/n on input line 15.
LaTeX Font Info:    ... okay on input line 15.
LaTeX Font Info:    Checking defaults for OT1/cmr/m/n on input line 15.
LaTeX Font Info:    ... okay on input line 15.
LaTeX Font Info:    Checking defaults for T1/cmr/m/n on input line 15.
LaTeX Font Info:    ... okay on input line 15.
LaTeX Font Info:    Checking defaults for TS1/cmr/m/n on input line 15.
LaTeX Font Info:    ... okay on input line 15.
LaTeX Font Info:    Checking defaults for OMX/cmex/m/n on input line 15.
LaTeX Font Info:    ... okay on input line 15.
LaTeX Font Info:    Checking defaults for U/cmr/m/n on input line 15.
LaTeX Font Info:    ... okay on input line 15.
LaTeX Font Info:    Checking defaults for PD1/pdf/m/n on input line 15.
LaTeX Font Info:    ... okay on input line 15.

(/usr/share/texlive/texmf-dist/tex/context/base/mkii/supp-pdf.mkii
[Loading MPS to PDF converter (version 2006.09.02).]
\scratchcounter=\count273
\scratchdimen=\dimen149
\scratchbox=\box63
\nofMPsegments=\count274
\nofMParguments=\count275
\everyMPshowfont=\toks22
\MPscratchCnt=\count276
\MPscratchDim=\dimen150
\MPnumerator=\count277
\makeMPintoPDFobject=\count278
\everyMPtoPDFconversion=\toks23
) (/usr/share/texlive/texmf-dist/tex/latex/epstopdf-pkg/epstopdf-base.sty
Package: epstopdf-base 2020-01-24 v2.11 Base part for package epstopdf
Package epstopdf-base Info: Redefining graphics rule for `.eps' on input line 4
85.

(/usr/share/texlive/texmf-dist/tex/latex/latexconfig/epstopdf-sys.cfg
File: epstopdf-sys.cfg 2010/07/13 v1.3 Configuration of (r)epstopdf for TeX Liv
e
))
\AtBeginShipoutBox=\box64
Package hyperref Info: Link coloring OFF on input line 15.

(/usr/share/texlive/texmf-dist/tex/latex/hyperref/nameref.sty
Package: nameref 2019/09/16 v2.46 Cross-referencing by name of section

(/usr/share/texlive/texmf-dist/tex/latex/refcount/refcount.sty
Package: refcount 2019/12/15 v3.6 Data extraction from label references (HO)
)
(/usr/share/texlive/texmf-dist/tex/generic/gettitlestring/gettitlestring.sty
Package: gettitlestring 2019/12/15 v1.6 Cleanup title references (HO)
)
\c@section@level=\count279
)
LaTeX Info: Redefining \ref on input line 15.
LaTeX Info: Redefining \pageref on input line 15.
LaTeX Info: Redefining \nameref on input line 15.

(./paper.out) (./paper.out)
\@outlinefile=\write4
\openout4 = `paper.out'.

Class revtex4-2 Info: Taking \maketitle back from hyperref on input line 15.
\openout3 = `paperNotes.bib'.



Class revtex4-2 Warning: Assuming \noaffiliation for authors.

LaTeX Font Info:    Trying to load font information for U+msa on input line 29.

(/usr/share/texlive/texmf-dist/tex/latex/amsfonts/umsa.fd
File: umsa.fd 2013/01/14 v3.01 AMS symbols A
)
LaTeX Font Info:    Trying to load font information for U+msb on input line 29.


(/usr/share/texlive/texmf-dist/tex/latex/amsfonts/umsb.fd
File: umsb.fd 2013/01/14 v3.01 AMS symbols B
)

Package natbib Warning: Citation `versluis2000snapping' on page 1 undefined on 
input line 32.


Package natbib Warning: Citation `lohse2001snapping' on page 1 undefined on inp
ut line 32.


Package natbib Warning: Citation `tang2019bioinspired' on page 1 undefined on i
nput line 32.


Package natbib Warning: Citation `everest1948acoustical' on page 1 undefined on
 input line 32.


Package natbib Warning: Citation `versluis2000snapping' on page 1 undefined on 
input line 32.


Package natbib Warning: Citation `versluis2000snapping' on page 1 undefined on 
input line 32.


Package natbib Warning: Citation `lohse2001snapping' on page 1 undefined on inp
ut line 32.

<figs/shrimp.pdf, id=70, 915.3588pt x 307.36833pt>
File: figs/shrimp.pdf Graphic file (type pdf)
<use figs/shrimp.pdf>
Package pdftex.def Info: figs/shrimp.pdf  used on input line 36.
(pdftex.def)             Requested size: 484.49844pt x 162.68869pt.

Package natbib Warning: Citation `versluis2000snapping' on page 1 undefined on 
input line 37.


Package natbib Warning: Citation `lohse2001snapping' on page 1 undefined on inp
ut line 37.


Package natbib Warning: Citation `versluis2000snapping' on page 1 undefined on 
input line 37.


Package natbib Warning: Citation `lohse2001snapping' on page 1 undefined on inp
ut line 37.


Package natbib Warning: Citation `brenner2002single' on page 1 undefined on inp
ut line 41.


Package natbib Warning: Citation `crum1994sonoluminescence' on page 1 undefined
 on input line 41.


Package natbib Warning: Citation `brenner2002single' on page 1 undefined on inp
ut line 41.


Package natbib Warning: Citation `gaitan1992sonoluminescence' on page 1 undefin
ed on input line 41.


Package natbib Warning: Citation `crum1994sonoluminescence' on page 1 undefined
 on input line 41.


Package natbib Warning: Citation `gaitan1990experimental' on page 1 undefined o
n input line 41.


Package natbib Warning: Citation `gaitan1992sonoluminescence' on page 1 undefin
ed on input line 41.


Package natbib Warning: Citation `brenner2002single' on page 1 undefined on inp
ut line 41.


Package natbib Warning: Citation `lohse2018bubble' on page 1 undefined on input
 line 41.


Package natbib Warning: Citation `crum1994sonoluminescence' on page 1 undefined
 on input line 41.


Package natbib Warning: Citation `gaitan1990experimental' on page 1 undefined o
n input line 41.


Package natbib Warning: Citation `brenner2002single' on page 1 undefined on inp
ut line 41.


Package natbib Warning: Citation `schwinger1992casimir1' on page 1 undefined on
 input line 41.


Package natbib Warning: Citation `schwinger1992casimir2' on page 1 undefined on
 input line 41.


Package natbib Warning: Citation `schwinger1993casimir1' on page 1 undefined on
 input line 41.


Package natbib Warning: Citation `schwinger1993casimir2' on page 1 undefined on
 input line 41.


Package natbib Warning: Citation `schwinger1993casimir3' on page 1 undefined on
 input line 41.


Package natbib Warning: Citation `schwinger1993casimir4' on page 1 undefined on
 input line 41.


Package natbib Warning: Citation `schwinger1994casimir' on page 1 undefined on 
input line 41.


Package natbib Warning: Citation `eberlein1996sonoluminescence' on page 1 undef
ined on input line 41.


Package natbib Warning: Citation `liberati2000sonoluminescence' on page 1 undef
ined on input line 41.

[1{/var/lib/texmf/fonts/map/pdftex/updmap/pdftex.map} <./figs/shrimp.pdf>]
<figs/pulses.pdf, id=99, 897.3525pt x 587.19376pt>
File: figs/pulses.pdf Graphic file (type pdf)
<use figs/pulses.pdf>
Package pdftex.def Info: figs/pulses.pdf  used on input line 44.
(pdftex.def)             Requested size: 356.99844pt x 233.60104pt.


Package natbib Warning: Citation `crum1994sonoluminescence' on page 2 undefined
 on input line 45.


Package natbib Warning: Citation `crum1994sonoluminescence' on page 2 undefined
 on input line 45.


Package natbib Warning: Citation `suslick2008inside' on page 2 undefined on inp
ut line 53.


Package natbib Warning: Citation `brenner2002single' on page 2 undefined on inp
ut line 53.


Package natbib Warning: Citation `suslick2008inside' on page 2 undefined on inp
ut line 53.


Package natbib Warning: Citation `an2009diagnosing' on page 2 undefined on inpu
t line 53.


Package natbib Warning: Citation `an2008spectral' on page 2 undefined on input 
line 53.


Package natbib Warning: Citation `an2006mechanism' on page 2 undefined on input
 line 53.


Package natbib Warning: Citation `flannigan2005plasma' on page 2 undefined on i
nput line 53.


Package natbib Warning: Citation `suslick2008inside' on page 2 undefined on inp
ut line 53.


Package natbib Warning: Citation `flannigan2006measurement' on page 2 undefined
 on input line 53.


Package natbib Warning: Citation `lohse2018bubble' on page 2 undefined on input
 line 53.


Package natbib Warning: Citation `yasui2018acoustic' on page 2 undefined on inp
ut line 53.


Package natbib Warning: Citation `lohse2001snapping' on page 2 undefined on inp
ut line 55.


Package natbib Warning: Citation `versluis2000snapping' on page 2 undefined on 
input line 55.


Package natbib Warning: Citation `lohse2018bubble' on page 2 undefined on input
 line 55.


Package natbib Warning: Citation `tang2019bioinspired' on page 2 undefined on i
nput line 55.


Overfull \vbox (9.93106pt too high) has occurred while \output is active []


[2 <./figs/pulses.pdf>]

Package natbib Warning: Citation `marinesco1933actions' on page 3 undefined on 
input line 59.


Package natbib Warning: Citation `frenzel1934luminescenz' on page 3 undefined o
n input line 59.


Package natbib Warning: Citation `brenner2002single' on page 3 undefined on inp
ut line 59.


Package natbib Warning: Citation `gaitan1990experimental' on page 3 undefined o
n input line 59.


Package natbib Warning: Citation `crum1994sonoluminescence' on page 3 undefined
 on input line 59.

<figs/flask.pdf, id=120, 564.1507pt x 177.77216pt>
File: figs/flask.pdf Graphic file (type pdf)
<use figs/flask.pdf>
Package pdftex.def Info: figs/flask.pdf  used on input line 62.
(pdftex.def)             Requested size: 484.49844pt x 152.67761pt.

Package natbib Warning: Citation `brenner2002single' on page 3 undefined on inp
ut line 63.


Package natbib Warning: Citation `suslick2008inside' on page 3 undefined on inp
ut line 63.


Package natbib Warning: Citation `gompf2000mie' on page 3 undefined on input li
ne 63.


Package natbib Warning: Citation `brenner2002single' on page 3 undefined on inp
ut line 63.


Package natbib Warning: Citation `suslick2008inside' on page 3 undefined on inp
ut line 63.


Package natbib Warning: Citation `gompf2000mie' on page 3 undefined on input li
ne 63.


Package natbib Warning: Citation `brenner2002single' on page 3 undefined on inp
ut line 67.


Package natbib Warning: Citation `li2015introduction' on page 3 undefined on in
put line 67.


Package natbib Warning: Citation `gaitan1992sonoluminescence' on page 3 undefin
ed on input line 67.


Package natbib Warning: Citation `li2015introduction' on page 3 undefined on in
put line 67.


Package natbib Warning: Citation `rayleigh1917pressure' on page 3 undefined on 
input line 67.


Package natbib Warning: Citation `plesset1977bubble' on page 3 undefined on inp
ut line 67.


Package natbib Warning: Citation `prosperetti1999old' on page 3 undefined on in
put line 67.


Package natbib Warning: Citation `plesset1977bubble' on page 3 undefined on inp
ut line 67.


Package natbib Warning: Citation `plesset1977bubble' on page 3 undefined on inp
ut line 67.


Package natbib Warning: Citation `brenner2002single' on page 3 undefined on inp
ut line 67.


Package natbib Warning: Citation `lofstedt1995sonoluminescing' on page 3 undefi
ned on input line 67.


Package natbib Warning: Citation `barber1992resolving' on page 3 undefined on i
nput line 67.


Package natbib Warning: Citation `gaitan1990experimental' on page 3 undefined o
n input line 67.


Package natbib Warning: Citation `gaitan1992sonoluminescence' on page 3 undefin
ed on input line 67.


Package natbib Warning: Citation `crum1994sonoluminescence' on page 3 undefined
 on input line 67.


Package natbib Warning: Citation `barber1992resolving' on page 3 undefined on i
nput line 69.


Package natbib Warning: Citation `barber1991observation' on page 3 undefined on
 input line 69.


Package natbib Warning: Citation `wu1993shock' on page 3 undefined on input lin
e 69.


Package natbib Warning: Citation `greenspan1993sonoluminescence' on page 3 unde
fined on input line 69.


Package natbib Warning: Citation `brenner2002single' on page 3 undefined on inp
ut line 69.


Package natbib Warning: Citation `flannigan2005plasma' on page 3 undefined on i
nput line 69.


Package natbib Warning: Citation `suslick2008inside' on page 3 undefined on inp
ut line 69.


Package natbib Warning: Citation `yasui2018acoustic' on page 3 undefined on inp
ut line 69.


Package natbib Warning: Citation `an2009diagnosing' on page 3 undefined on inpu
t line 69.


Package natbib Warning: Citation `an2008spectral' on page 3 undefined on input 
line 69.


Package natbib Warning: Citation `an2006mechanism' on page 3 undefined on input
 line 69.


Overfull \vbox (13.6752pt too high) has occurred while \output is active []


[3 <./figs/flask.pdf>]

Package natbib Warning: Citation `prosperetti1999old' on page 4 undefined on in
put line 75.


Package natbib Warning: Citation `brenner2002single' on page 4 undefined on inp
ut line 75.


Package natbib Warning: Citation `prosperetti1986bubble' on page 4 undefined on
 input line 75.


Package natbib Warning: Citation `plesset1977bubble' on page 4 undefined on inp
ut line 75.


Package natbib Warning: Citation `suslick2008inside' on page 4 undefined on inp
ut line 75.


Package natbib Warning: Citation `yasui2018acoustic' on page 4 undefined on inp
ut line 75.


Package natbib Warning: Citation `brennen2014cavitation' on page 4 undefined on
 input line 75.


Package natbib Warning: Citation `rayleigh1917pressure' on page 4 undefined on 
input line 75.


Package natbib Warning: Citation `plesset1977bubble' on page 4 undefined on inp
ut line 75.


Package natbib Warning: Citation `plesset1949dynamics' on page 4 undefined on i
nput line 75.


Package natbib Warning: Citation `prosperetti1986bubble' on page 4 undefined on
 input line 75.


Package natbib Warning: Citation `prosperetti1999old' on page 4 undefined on in
put line 75.


Package natbib Warning: Citation `brenner2002single' on page 4 undefined on inp
ut line 75.


Package natbib Warning: Citation `yasui2018acoustic' on page 4 undefined on inp
ut line 75.


Package natbib Warning: Citation `prosperetti1986bubble' on page 4 undefined on
 input line 75.


Package natbib Warning: Citation `prosperetti1999old' on page 4 undefined on in
put line 77.


Package natbib Warning: Citation `brenner2002single' on page 4 undefined on inp
ut line 77.


Package natbib Warning: Citation `prosperetti1986bubble' on page 4 undefined on
 input line 77.


Package natbib Warning: Citation `plesset1977bubble' on page 4 undefined on inp
ut line 77.


Package natbib Warning: Citation `suslick2008inside' on page 4 undefined on inp
ut line 77.


Package natbib Warning: Citation `yasui2018acoustic' on page 4 undefined on inp
ut line 77.


Package natbib Warning: Citation `jackson1999classical' on page 4 undefined on 
input line 88.


Package natbib Warning: Citation `prosperetti1999old' on page 4 undefined on in
put line 88.

[4]

Package natbib Warning: Citation `prosperetti1986bubble' on page 5 undefined on
 input line 90.


Package natbib Warning: Citation `prosperetti1999old' on page 5 undefined on in
put line 90.


Package natbib Warning: Citation `brenner2002single' on page 5 undefined on inp
ut line 90.


Package natbib Warning: Citation `plesset1977bubble' on page 5 undefined on inp
ut line 90.


Package natbib Warning: Citation `prosperetti1999old' on page 5 undefined on in
put line 90.


Package natbib Warning: Citation `leighton2007derivation' on page 5 undefined o
n input line 102.


Package natbib Warning: Citation `prosperetti1999old' on page 5 undefined on in
put line 106.


Package natbib Warning: Citation `prosperetti1986bubble' on page 5 undefined on
 input line 106.


Package natbib Warning: Citation `leighton2007derivation' on page 5 undefined o
n input line 106.


Package natbib Warning: Citation `leighton2007derivation' on page 5 undefined o
n input line 113.


Package natbib Warning: Citation `brenner2002single' on page 5 undefined on inp
ut line 113.


Package natbib Warning: Citation `prosperetti1999old' on page 5 undefined on in
put line 113.


Package natbib Warning: Citation `prosperetti1999old' on page 5 undefined on in
put line 113.


Package natbib Warning: Citation `prosperetti1986bubble' on page 5 undefined on
 input line 113.


Package natbib Warning: Citation `leighton2007derivation' on page 5 undefined o
n input line 113.


Package natbib Warning: Citation `prosperetti1999old' on page 5 undefined on in
put line 128.


Package natbib Warning: Citation `prosperetti1986bubble' on page 5 undefined on
 input line 128.


Package natbib Warning: Citation `leighton2007derivation' on page 5 undefined o
n input line 128.


Package natbib Warning: Citation `plesset1949dynamics' on page 5 undefined on i
nput line 128.


Package natbib Warning: Citation `plesset1977bubble' on page 5 undefined on inp
ut line 128.


Package natbib Warning: Citation `prosperetti1999old' on page 5 undefined on in
put line 133.


Package natbib Warning: Citation `prosperetti1986bubble' on page 5 undefined on
 input line 133.


Package natbib Warning: Citation `prosperetti1999old' on page 5 undefined on in
put line 133.

[5]

Package natbib Warning: Citation `prosperetti1999old' on page 6 undefined on in
put line 135.


Package natbib Warning: Citation `brenner2002single' on page 6 undefined on inp
ut line 135.


Package natbib Warning: Citation `prosperetti1986bubble' on page 6 undefined on
 input line 135.


Package natbib Warning: Citation `lezzi1987bubble' on page 6 undefined on input
 line 135.


Package natbib Warning: Citation `prosperetti1986bubble' on page 6 undefined on
 input line 135.


Package natbib Warning: Citation `prosperetti1988nonlinear' on page 6 undefined
 on input line 135.


Package natbib Warning: Citation `keller1956damping' on page 6 undefined on inp
ut line 135.


Package natbib Warning: Citation `brenner2002single' on page 6 undefined on inp
ut line 144.


Package natbib Warning: Citation `prosperetti1999old' on page 6 undefined on in
put line 144.


Package natbib Warning: Citation `prosperetti1986bubble' on page 6 undefined on
 input line 144.


Package natbib Warning: Citation `keller1980bubble' on page 6 undefined on inpu
t line 154.


Package natbib Warning: Citation `yasui2018acoustic' on page 6 undefined on inp
ut line 162.


Package natbib Warning: Citation `yasui2015dynamics' on page 6 undefined on inp
ut line 162.


Package natbib Warning: Citation `brennen2014cavitation' on page 6 undefined on
 input line 162.


Package natbib Warning: Citation `yasui2018acoustic' on page 6 undefined on inp
ut line 162.


Package natbib Warning: Citation `rayleigh1917pressure' on page 6 undefined on 
input line 162.


Package natbib Warning: Citation `plesset1949dynamics' on page 6 undefined on i
nput line 162.


Package natbib Warning: Citation `prosperetti1999old' on page 6 undefined on in
put line 162.


Package natbib Warning: Citation `brenner2002single' on page 6 undefined on inp
ut line 162.


Package natbib Warning: Citation `brenner2002single' on page 6 undefined on inp
ut line 168.


Package natbib Warning: Citation `brenner2002single' on page 6 undefined on inp
ut line 170.


Package natbib Warning: Citation `lofstedt1995sonoluminescing' on page 6 undefi
ned on input line 170.


Package natbib Warning: Citation `barber1997defining' on page 6 undefined on in
put line 170.

[6]

Package natbib Warning: Citation `brenner2002single' on page 7 undefined on inp
ut line 175.


Package natbib Warning: Citation `yasui2018acoustic' on page 7 undefined on inp
ut line 177.


Package natbib Warning: Citation `brenner2002single' on page 7 undefined on inp
ut line 177.


Package natbib Warning: Citation `hilgenfeldt1999sonoluminescence' on page 7 un
defined on input line 177.


Package natbib Warning: Citation `an2009diagnosing' on page 7 undefined on inpu
t line 177.


Package natbib Warning: Citation `gaitan1992sonoluminescence' on page 7 undefin
ed on input line 181.


Package natbib Warning: Citation `brenner2002single' on page 7 undefined on inp
ut line 181.


Package natbib Warning: Citation `suslick2008inside' on page 7 undefined on inp
ut line 181.


Package natbib Warning: Citation `yasui2018acoustic' on page 7 undefined on inp
ut line 181.


Package natbib Warning: Citation `hiller1992spectrum' on page 7 undefined on in
put line 181.


Package natbib Warning: Citation `brenner2002single' on page 7 undefined on inp
ut line 181.


Package natbib Warning: Citation `hiller1992spectrum' on page 7 undefined on in
put line 183.


Package natbib Warning: Citation `brenner2002single' on page 7 undefined on inp
ut line 183.


Package natbib Warning: Citation `brenner2002single' on page 7 undefined on inp
ut line 183.


Package natbib Warning: Citation `suslick2008inside' on page 7 undefined on inp
ut line 185.


Package natbib Warning: Citation `brenner2002single' on page 7 undefined on inp
ut line 185.


Package natbib Warning: Citation `gaitan1992sonoluminescence' on page 7 undefin
ed on input line 185.


Package natbib Warning: Citation `hiller1992spectrum' on page 7 undefined on in
put line 185.


Package natbib Warning: Citation `hilgenfeldt1999simple' on page 7 undefined on
 input line 185.


Package natbib Warning: Citation `hilgenfeldt1999sonoluminescence' on page 7 un
defined on input line 185.


Package natbib Warning: Citation `brenner2002single' on page 7 undefined on inp
ut line 185.


Package natbib Warning: Citation `suslick2008inside' on page 7 undefined on inp
ut line 185.


Package natbib Warning: Citation `weninger1995sonoluminescence' on page 7 undef
ined on input line 187.


Package natbib Warning: Citation `barber1997defining' on page 7 undefined on in
put line 187.


Package natbib Warning: Citation `barber1997defining' on page 7 undefined on in
put line 187.


Package natbib Warning: Citation `hiller1994effect' on page 7 undefined on inpu
t line 187.


Package natbib Warning: Citation `barber1997defining' on page 7 undefined on in
put line 187.


Package natbib Warning: Citation `hiller1994effect' on page 7 undefined on inpu
t line 187.


Package natbib Warning: Citation `brenner2002single' on page 7 undefined on inp
ut line 187.


Package natbib Warning: Citation `lohse1997sonoluminescing' on page 7 undefined
 on input line 187.


Package natbib Warning: Citation `brenner2002single' on page 7 undefined on inp
ut line 187.


Package natbib Warning: Citation `yasui2018acoustic' on page 7 undefined on inp
ut line 187.


Package natbib Warning: Citation `suslick2008inside' on page 7 undefined on inp
ut line 187.


Package natbib Warning: Citation `lohse1997sonoluminescing' on page 7 undefined
 on input line 187.


Package natbib Warning: Citation `brenner2002single' on page 7 undefined on inp
ut line 187.


Package natbib Warning: Citation `yasui2018acoustic' on page 7 undefined on inp
ut line 187.


Package natbib Warning: Citation `lohse2018bubble' on page 7 undefined on input
 line 187.


Package natbib Warning: Citation `suslick2008inside' on page 7 undefined on inp
ut line 187.


Package natbib Warning: Citation `brenner2002single' on page 7 undefined on inp
ut line 187.


Package natbib Warning: Citation `yasui2018acoustic' on page 7 undefined on inp
ut line 187.

[7]

Package natbib Warning: Citation `flannigan2005plasma' on page 8 undefined on i
nput line 189.


Package natbib Warning: Citation `flannigan2006measurement' on page 8 undefined
 on input line 189.


Package natbib Warning: Citation `flannigan2005plasma' on page 8 undefined on i
nput line 191.


Package natbib Warning: Citation `flannigan2006measurement' on page 8 undefined
 on input line 191.


Package natbib Warning: Citation `suslick2008inside' on page 8 undefined on inp
ut line 191.


Package natbib Warning: Citation `suslick2008inside' on page 8 undefined on inp
ut line 191.


Package natbib Warning: Citation `flannigan2006measurement' on page 8 undefined
 on input line 191.


Package natbib Warning: Citation `flannigan2006measurement' on page 8 undefined
 on input line 191.


Package natbib Warning: Citation `an2009diagnosing' on page 8 undefined on inpu
t line 191.


Package natbib Warning: Citation `an2008spectral' on page 8 undefined on input 
line 191.


Package natbib Warning: Citation `an2009diagnosing' on page 8 undefined on inpu
t line 191.


Package natbib Warning: Citation `suslick2008inside' on page 8 undefined on inp
ut line 191.


Package natbib Warning: Citation `flannigan2005plasma' on page 8 undefined on i
nput line 191.


Package natbib Warning: Citation `flannigan2006measurement' on page 8 undefined
 on input line 191.


Package natbib Warning: Citation `suslick2008inside' on page 8 undefined on inp
ut line 193.


Package natbib Warning: Citation `brenner2002single' on page 8 undefined on inp
ut line 193.


Package natbib Warning: Citation `brenner2002single' on page 8 undefined on inp
ut line 193.


Package natbib Warning: Citation `yasui2018acoustic' on page 8 undefined on inp
ut line 193.


Package natbib Warning: Citation `brennen2014cavitation' on page 8 undefined on
 input line 193.


Package natbib Warning: Citation `brenner2002single' on page 8 undefined on inp
ut line 196.


Package natbib Warning: Citation `an2006mechanism' on page 8 undefined on input
 line 196.


Package natbib Warning: Citation `an2008spectral' on page 8 undefined on input 
line 196.


Package natbib Warning: Citation `an2009diagnosing' on page 8 undefined on inpu
t line 196.


Package natbib Warning: Citation `flannigan2005plasma' on page 8 undefined on i
nput line 196.


Package natbib Warning: Citation `flannigan2006measurement' on page 8 undefined
 on input line 196.


Package natbib Warning: Citation `brenner2002single' on page 8 undefined on inp
ut line 196.


Package natbib Warning: Citation `yasui2018acoustic' on page 8 undefined on inp
ut line 196.


Package natbib Warning: Citation `brenner2002single' on page 8 undefined on inp
ut line 198.


Package natbib Warning: Citation `sivasubramanian2002temperature' on page 8 und
efined on input line 200.


Package natbib Warning: Citation `brenner2002single' on page 8 undefined on inp
ut line 200.


Package natbib Warning: Citation `schroeder1999introduction' on page 8 undefine
d on input line 200.


Overfull \vbox (8.68103pt too high) has occurred while \output is active []


[8]

Package natbib Warning: Citation `brenner2002single' on page 9 undefined on inp
ut line 216.


Package natbib Warning: Citation `lofstedt1995sonoluminescing' on page 9 undefi
ned on input line 216.


Package natbib Warning: Citation `barber1997defining' on page 9 undefined on in
put line 216.


Package natbib Warning: Citation `lofstedt1993toward' on page 9 undefined on in
put line 216.


Package natbib Warning: Citation `hilgenfeldt1999simple' on page 9 undefined on
 input line 216.


Package natbib Warning: Citation `lofstedt1993toward' on page 9 undefined on in
put line 221.


Package natbib Warning: Citation `brenner2002single' on page 9 undefined on inp
ut line 221.


Package natbib Warning: Citation `brenner2002single' on page 9 undefined on inp
ut line 223.


Package natbib Warning: Citation `prosperetti1999old' on page 9 undefined on in
put line 223.


Package natbib Warning: Citation `brenner2002single' on page 9 undefined on inp
ut line 223.


Package natbib Warning: Citation `yasui2018acoustic' on page 9 undefined on inp
ut line 223.


Package natbib Warning: Citation `brenner2002single' on page 9 undefined on inp
ut line 223.


Package natbib Warning: Citation `prosperetti1999old' on page 9 undefined on in
put line 223.


Package natbib Warning: Citation `brenner2002single' on page 9 undefined on inp
ut line 223.


Package natbib Warning: Citation `hilgenfeldt1999simple' on page 9 undefined on
 input line 223.


Package natbib Warning: Citation `brenner2002single' on page 9 undefined on inp
ut line 223.


Package natbib Warning: Citation `yasui2018acoustic' on page 9 undefined on inp
ut line 223.


Package natbib Warning: Citation `barber1997defining' on page 9 undefined on in
put line 225.


Package natbib Warning: Citation `brenner2002single' on page 9 undefined on inp
ut line 225.

<figs/bubble_radius_1.pdf, id=220, 892.71616pt x 454.78908pt>
File: figs/bubble_radius_1.pdf Graphic file (type pdf)
<use figs/bubble_radius_1.pdf>
Package pdftex.def Info: figs/bubble_radius_1.pdf  used on input line 234.
(pdftex.def)             Requested size: 458.99689pt x 233.83385pt.

Package natbib Warning: Citation `barber1997defining' on page 9 undefined on in
put line 235.


Package natbib Warning: Citation `barber1992light' on page 9 undefined on input
 line 235.


Package natbib Warning: Citation `barber1997defining' on page 9 undefined on in
put line 235.


Package natbib Warning: Citation `barber1992light' on page 9 undefined on input
 line 235.


Package natbib Warning: Citation `lentz1995mie' on page 9 undefined on input li
ne 239.


Package natbib Warning: Citation `gaitan1990experimental' on page 9 undefined o
n input line 239.


Package natbib Warning: Citation `gaitan1992sonoluminescence' on page 9 undefin
ed on input line 239.


Package natbib Warning: Citation `gompf2000mie' on page 9 undefined on input li
ne 239.


Package natbib Warning: Citation `brenner2002single' on page 9 undefined on inp
ut line 239.


Package natbib Warning: Citation `yasui2018acoustic' on page 9 undefined on inp
ut line 239.


Package natbib Warning: Citation `brennen2014cavitation' on page 9 undefined on
 input line 239.


Package natbib Warning: Citation `suslick2008inside' on page 9 undefined on inp
ut line 239.


Package natbib Warning: Citation `brenner2002single' on page 9 undefined on inp
ut line 239.

[9]

Package natbib Warning: Citation `brenner2002single' on page 10 undefined on in
put line 254.


Package natbib Warning: Citation `gaitan1992sonoluminescence' on page 10 undefi
ned on input line 254.


Package natbib Warning: Citation `suslick2008inside' on page 10 undefined on in
put line 254.


Package natbib Warning: Citation `yasui2018acoustic' on page 10 undefined on in
put line 254.


Package natbib Warning: Citation `barber1992light' on page 10 undefined on inpu
t line 256.


Package natbib Warning: Citation `barber1997defining' on page 10 undefined on i
nput line 256.


Package natbib Warning: Citation `brenner2002single' on page 10 undefined on in
put line 256.


Package natbib Warning: Citation `hiller1992spectrum' on page 10 undefined on i
nput line 256.


Package natbib Warning: Citation `hilgenfeldt1999simple' on page 10 undefined o
n input line 256.


Package natbib Warning: Citation `flannigan2005plasma' on page 10 undefined on 
input line 256.


Package natbib Warning: Citation `flannigan2006measurement' on page 10 undefine
d on input line 256.


Package natbib Warning: Citation `jackson1999classical' on page 10 undefined on
 input line 259.


Package natbib Warning: Citation `brenner2002single' on page 10 undefined on in
put line 259.


Package natbib Warning: Citation `barber1997defining' on page 10 undefined on i
nput line 259.


Package natbib Warning: Citation `barber1992light' on page 10 undefined on inpu
t line 259.


Package natbib Warning: Citation `brenner2002single' on page 10 undefined on in
put line 261.


Package natbib Warning: Citation `yasui2018acoustic' on page 10 undefined on in
put line 261.


Package natbib Warning: Citation `an2009diagnosing' on page 10 undefined on inp
ut line 261.


Package natbib Warning: Citation `an2008spectral' on page 10 undefined on input
 line 261.


Package natbib Warning: Citation `an2006mechanism' on page 10 undefined on inpu
t line 261.


Package natbib Warning: Citation `flannigan2005plasma' on page 10 undefined on 
input line 261.


Package natbib Warning: Citation `flannigan2006measurement' on page 10 undefine
d on input line 261.


Package natbib Warning: Citation `suslick2008inside' on page 10 undefined on in
put line 261.


Package natbib Warning: Citation `brenner2002single' on page 10 undefined on in
put line 264.


Package natbib Warning: Citation `hilgenfeldt1999sonoluminescence' on page 10 u
ndefined on input line 264.


Package natbib Warning: Citation `yasui1999mechanism' on page 10 undefined on i
nput line 264.

[10 <./figs/bubble_radius_1.pdf>]

Package natbib Warning: Citation `hilgenfeldt1999sonoluminescence' on page 11 u
ndefined on input line 266.


Package natbib Warning: Citation `schroeder1999introduction' on page 11 undefin
ed on input line 266.


Package natbib Warning: Citation `hilgenfeldt1999simple' on page 11 undefined o
n input line 270.


Package natbib Warning: Citation `brenner2002single' on page 11 undefined on in
put line 270.


Package natbib Warning: Citation `zel2002physics' on page 11 undefined on input
 line 272.


Package natbib Warning: Citation `hilgenfeldt1999simple' on page 11 undefined o
n input line 272.


Package natbib Warning: Citation `taylor1969experimental' on page 11 undefined 
on input line 272.


Package natbib Warning: Citation `hilgenfeldt1999sonoluminescence' on page 11 u
ndefined on input line 277.


Package natbib Warning: Citation `hilgenfeldt1999simple' on page 11 undefined o
n input line 277.


Package natbib Warning: Citation `hilgenfeldt1999simple' on page 11 undefined o
n input line 277.


Package natbib Warning: Citation `brenner2002single' on page 11 undefined on in
put line 277.


Package natbib Warning: Citation `hilgenfeldt1999sonoluminescence' on page 11 u
ndefined on input line 277.


Package natbib Warning: Citation `yasui1999mechanism' on page 11 undefined on i
nput line 277.


Package natbib Warning: Citation `flannigan2005plasma' on page 11 undefined on 
input line 277.


Package natbib Warning: Citation `flannigan2006measurement' on page 11 undefine
d on input line 277.


Package natbib Warning: Citation `suslick2008inside' on page 11 undefined on in
put line 277.


Package natbib Warning: Citation `an2009diagnosing' on page 11 undefined on inp
ut line 277.


Package natbib Warning: Citation `an2008spectral' on page 11 undefined on input
 line 277.


Package natbib Warning: Citation `an2006mechanism' on page 11 undefined on inpu
t line 277.


Package natbib Warning: Citation `flannigan2006measurement' on page 11 undefine
d on input line 279.


Package natbib Warning: Citation `flannigan2005plasma' on page 11 undefined on 
input line 279.


Package natbib Warning: Citation `an2009diagnosing' on page 11 undefined on inp
ut line 279.


Package natbib Warning: Citation `flannigan2005plasma' on page 11 undefined on 
input line 279.


Package natbib Warning: Citation `flannigan2006measurement' on page 11 undefine
d on input line 279.


Package natbib Warning: Citation `hilgenfeldt1999simple' on page 11 undefined o
n input line 279.


Package natbib Warning: Citation `yasui2018acoustic' on page 11 undefined on in
put line 279.


Package natbib Warning: Citation `suslick2008inside' on page 11 undefined on in
put line 279.


Package natbib Warning: Citation `zel2002physics' on page 11 undefined on input
 line 279.


Package natbib Warning: Citation `an2006mechanism' on page 11 undefined on inpu
t line 279.


Package natbib Warning: Citation `zel2002physics' on page 11 undefined on input
 line 281.


Package natbib Warning: Citation `jackson1999classical' on page 11 undefined on
 input line 281.


Package natbib Warning: Citation `zel2002physics' on page 11 undefined on input
 line 281.


Package natbib Warning: Citation `hilgenfeldt1999simple' on page 11 undefined o
n input line 283.


Package natbib Warning: Citation `an2006mechanism' on page 11 undefined on inpu
t line 283.


Package natbib Warning: Citation `zel2002physics' on page 11 undefined on input
 line 283.


Package natbib Warning: Citation `hilgenfeldt1999simple' on page 11 undefined o
n input line 288.


Package natbib Warning: Citation `an2006mechanism' on page 11 undefined on inpu
t line 288.


Package natbib Warning: Citation `flannigan2005plasma' on page 11 undefined on 
input line 288.


Package natbib Warning: Citation `geltman1973free' on page 11 undefined on inpu
t line 290.


Package natbib Warning: Citation `hilgenfeldt1999simple' on page 11 undefined o
n input line 290.


Package natbib Warning: Citation `hilgenfeldt1999sonoluminescence' on page 11 u
ndefined on input line 290.


Package natbib Warning: Citation `zel2002physics' on page 11 undefined on input
 line 290.


Package natbib Warning: Citation `eckert2015aether' on page 11 undefined on inp
ut line 290.

[11]

Package natbib Warning: Citation `zel2002physics' on page 12 undefined on input
 line 292.


Package natbib Warning: Citation `griffiths2005introduction' on page 12 undefin
ed on input line 292.


Package natbib Warning: Citation `zel2002physics' on page 12 undefined on input
 line 302.


Package natbib Warning: Citation `zel2002physics' on page 12 undefined on input
 line 307.


Package natbib Warning: Citation `landau2013classical' on page 12 undefined on 
input line 307.


Package natbib Warning: Citation `zel2002physics' on page 12 undefined on input
 line 328.


Package natbib Warning: Citation `hilgenfeldt1999simple' on page 12 undefined o
n input line 332.


Package natbib Warning: Citation `an2006mechanism' on page 12 undefined on inpu
t line 332.


Package natbib Warning: Citation `an2008spectral' on page 12 undefined on input
 line 332.


Package natbib Warning: Citation `an2009diagnosing' on page 12 undefined on inp
ut line 332.

[12]

Package natbib Warning: Citation `an2009diagnosing' on page 13 undefined on inp
ut line 338.


Package natbib Warning: Citation `hilgenfeldt1999simple' on page 13 undefined o
n input line 338.


Package natbib Warning: Citation `zel2002physics' on page 13 undefined on input
 line 338.


Package natbib Warning: Citation `geltman1973free' on page 13 undefined on inpu
t line 341.


Package natbib Warning: Citation `hilgenfeldt1999simple' on page 13 undefined o
n input line 341.


Package natbib Warning: Citation `an2006mechanism' on page 13 undefined on inpu
t line 341.


Package natbib Warning: Citation `an2008spectral' on page 13 undefined on input
 line 341.


Package natbib Warning: Citation `an2009diagnosing' on page 13 undefined on inp
ut line 341.


Package natbib Warning: Citation `zel2002physics' on page 13 undefined on input
 line 341.


Package natbib Warning: Citation `hilgenfeldt1999simple' on page 13 undefined o
n input line 341.


Package natbib Warning: Citation `hilgenfeldt1999sonoluminescence' on page 13 u
ndefined on input line 341.


Package natbib Warning: Citation `brenner2002single' on page 13 undefined on in
put line 341.


Package natbib Warning: Citation `yasui2018acoustic' on page 13 undefined on in
put line 341.


Package natbib Warning: Citation `an2006mechanism' on page 13 undefined on inpu
t line 343.


Package natbib Warning: Citation `an2008spectral' on page 13 undefined on input
 line 343.


Package natbib Warning: Citation `an2009diagnosing' on page 13 undefined on inp
ut line 343.


Package natbib Warning: Citation `hilgenfeldt1999simple' on page 13 undefined o
n input line 343.


Package natbib Warning: Citation `hilgenfeldt1999sonoluminescence' on page 13 u
ndefined on input line 343.


Package natbib Warning: Citation `an2006mechanism' on page 13 undefined on inpu
t line 343.


Package natbib Warning: Citation `an2008spectral' on page 13 undefined on input
 line 343.


Package natbib Warning: Citation `an2006mechanism' on page 13 undefined on inpu
t line 343.


Package natbib Warning: Citation `suslick2008inside' on page 13 undefined on in
put line 343.


Package natbib Warning: Citation `flannigan2006measurement' on page 13 undefine
d on input line 343.


Package natbib Warning: Citation `flannigan2005plasma' on page 13 undefined on 
input line 343.

(./paper.bbl

Package natbib Warning: Empty `thebibliography' environment on input line 53.

)

Package natbib Warning: There were undefined citations.

[13]
Package atveryend Info: Empty hook `AfterLastShipout' on input line 355.
 (./paper.aux)
Package atveryend Info: Executing hook `AtVeryEndDocument' on input line 355.
Package atveryend Info: Executing hook `AtEndAfterFileList' on input line 355.
Package rerunfilecheck Info: File `paper.out' has not changed.
(rerunfilecheck)             Checksum: A70B1CD0DF7DB9FC6312870ED2174EC1;942.
 ) 
Here is how much of TeX's memory you used:
 8878 strings out of 481239
 125301 string characters out of 5920376
 416210 words of memory out of 5000000
 23902 multiletter control sequences out of 15000+600000
 545857 words of font info for 73 fonts, out of 8000000 for 9000
 1141 hyphenation exceptions out of 8191
 34i,17n,37p,2428b,399s stack positions out of 5000i,500n,10000p,200000b,80000s
</usr/share/texlive/texmf-dist/fonts/type1/public/amsfonts/cm/cmbx10.pfb></us
r/share/texlive/texmf-dist/fonts/type1/public/amsfonts/cm/cmbx12.pfb></usr/shar
e/texlive/texmf-dist/fonts/type1/public/amsfonts/cm/cmbx8.pfb></usr/share/texli
ve/texmf-dist/fonts/type1/public/amsfonts/cm/cmbx9.pfb></usr/share/texlive/texm
f-dist/fonts/type1/public/amsfonts/cm/cmex10.pfb></usr/share/texlive/texmf-dist
/fonts/type1/public/amsfonts/cmextra/cmex8.pfb></usr/share/texlive/texmf-dist/f
onts/type1/public/amsfonts/cm/cmmi10.pfb></usr/share/texlive/texmf-dist/fonts/t
ype1/public/amsfonts/cm/cmmi7.pfb></usr/share/texlive/texmf-dist/fonts/type1/pu
blic/amsfonts/cm/cmmi8.pfb></usr/share/texlive/texmf-dist/fonts/type1/public/am
sfonts/cm/cmmib10.pfb></usr/share/texlive/texmf-dist/fonts/type1/public/amsfont
s/cmextra/cmmib8.pfb></usr/share/texlive/texmf-dist/fonts/type1/public/amsfonts
/cm/cmr10.pfb></usr/share/texlive/texmf-dist/fonts/type1/public/amsfonts/cm/cmr
6.pfb></usr/share/texlive/texmf-dist/fonts/type1/public/amsfonts/cm/cmr7.pfb></
usr/share/texlive/texmf-dist/fonts/type1/public/amsfonts/cm/cmr8.pfb></usr/shar
e/texlive/texmf-dist/fonts/type1/public/amsfonts/cm/cmr9.pfb></usr/share/texliv
e/texmf-dist/fonts/type1/public/amsfonts/cm/cmsy10.pfb></usr/share/texlive/texm
f-dist/fonts/type1/public/amsfonts/cm/cmsy5.pfb></usr/share/texlive/texmf-dist/
fonts/type1/public/amsfonts/cm/cmsy6.pfb></usr/share/texlive/texmf-dist/fonts/t
ype1/public/amsfonts/cm/cmsy7.pfb></usr/share/texlive/texmf-dist/fonts/type1/pu
blic/amsfonts/cm/cmsy8.pfb></usr/share/texlive/texmf-dist/fonts/type1/public/am
sfonts/cm/cmti10.pfb></usr/share/texlive/texmf-dist/fonts/type1/public/amsfonts
/cm/cmti8.pfb></usr/share/texlive/texmf-dist/fonts/type1/public/amsfonts/cm/cmt
i9.pfb>
Output written on paper.pdf (13 pages, 1201460 bytes).
PDF statistics:
 388 PDF objects out of 1000 (max. 8388607)
 330 compressed objects within 4 object streams
 77 named destinations out of 1000 (max. 500000)
 141 words of extra memory for PDF output out of 10000 (max. 10000000)

